\BOOKMARK [0][-]{chapter*.1}{\376\377\000C\000o\000n\000t\000e\000n\000t\000s}{}% 1
\BOOKMARK [0][-]{chapter.1}{\376\377\000S\000t\000o\000c\000h\000a\000s\000t\000i\000c\000\040\000B\000a\000n\000d\000i\000t\000s}{}% 2
\BOOKMARK [1][-]{section.1.1}{\376\377\000T\000w\000o\000\040\000s\000t\000a\000g\000e\000\040\000s\000t\000o\000c\000h\000a\000s\000t\000i\000c\000\040\000e\000x\000p\000e\000r\000i\000m\000e\000n\000t\000s}{chapter.1}% 3
\BOOKMARK [1][-]{section.1.2}{\376\377\000I\000n\000t\000r\000o\000d\000u\000c\000t\000i\000o\000n\000\040\000o\000f\000\040\000s\000t\000o\000c\000h\000a\000s\000t\000i\000c\000\040\000B\000a\000n\000d\000i\000t\000s}{chapter.1}% 4
\BOOKMARK [1][-]{section.1.3}{\376\377\000A\000l\000g\000o\000r\000i\000t\000h\000m\000s\000:\000\040\000t\000h\000e\000\040\000e\000x\000p\000l\000o\000r\000a\000t\000i\000o\000n\000-\000e\000x\000p\000l\000o\000i\000t\000a\000t\000i\000o\000n\000\040\000t\000r\000a\000d\000e\000-\000o\000f\000f}{chapter.1}% 5
\BOOKMARK [2][-]{subsection.1.3.1}{\376\377\000B\000a\000s\000i\000c\000\040\000c\000o\000m\000m\000i\000t\000t\000-\000t\000h\000e\000n\000-\000e\000x\000p\000l\000o\000i\000t\000\040\000a\000l\000g\000o\000r\000i\000t\000h\000m}{section.1.3}% 6
\BOOKMARK [2][-]{subsection.1.3.2}{\376\377\000P\000u\000r\000e\000l\000y\000\040\000G\000r\000e\000e\000d\000y}{section.1.3}% 7
\BOOKMARK [2][-]{subsection.1.3.3}{\376\377\000-\000g\000r\000e\000e\000d\000y\000\040\000b\000a\000n\000d\000i\000t\000\040\000a\000l\000g\000o\000r\000i\000t\000h\000m\000s}{section.1.3}% 8
\BOOKMARK [2][-]{subsection.1.3.4}{\376\377\000U\000C\000B\000\040\000a\000l\000g\000o\000r\000i\000t\000h\000m}{section.1.3}% 9
\BOOKMARK [2][-]{subsection.1.3.5}{\376\377\000B\000o\000l\000t\000z\000m\000a\000n\000n\000\040\000e\000x\000p\000l\000o\000r\000a\000t\000i\000o\000n}{section.1.3}% 10
\BOOKMARK [2][-]{subsection.1.3.6}{\376\377\000P\000o\000l\000i\000c\000y\000\040\000G\000r\000a\000d\000i\000e\000n\000t\000\040\000f\000o\000r\000\040\000S\000t\000o\000c\000h\000a\000s\000t\000i\000c\000\040\000B\000a\000n\000d\000i\000t\000s}{section.1.3}% 11
\BOOKMARK [0][-]{chapter.2}{\376\377\000M\000a\000r\000k\000o\000v\000\040\000D\000e\000c\000i\000s\000i\000o\000n\000\040\000M\000o\000d\000e\000l}{}% 12
\BOOKMARK [1][-]{section.2.1}{\376\377\000M\000a\000r\000k\000o\000v\000\040\000D\000e\000c\000i\000s\000i\000o\000n\000\040\000P\000r\000o\000b\000l\000e\000m}{chapter.2}% 13
\BOOKMARK [2][-]{subsection.2.1.1}{\376\377\000M\000a\000r\000k\000o\000v\000-\000C\000h\000a\000i\000n\000s}{section.2.1}% 14
\BOOKMARK [2][-]{subsection.2.1.2}{\376\377\000M\000a\000r\000k\000o\000v\000-\000R\000e\000w\000a\000r\000d\000-\000C\000h\000a\000i\000n\000s}{section.2.1}% 15
\BOOKMARK [2][-]{subsection.2.1.3}{\376\377\000M\000a\000r\000k\000o\000v\000-\000D\000e\000c\000i\000s\000i\000o\000n\000\040\000P\000r\000o\000c\000e\000s\000s}{section.2.1}% 16
\BOOKMARK [2][-]{subsection.2.1.4}{\376\377\000S\000t\000o\000c\000h\000a\000s\000t\000i\000c\000\040\000C\000o\000n\000t\000r\000o\000l\000\040\000t\000h\000e\000o\000r\000y}{section.2.1}% 17
\BOOKMARK [1][-]{section.2.2}{\376\377\000B\000a\000s\000i\000c\000\040\000t\000a\000b\000u\000l\000a\000r\000\040\000V\000a\000l\000u\000e\000\040\000I\000t\000e\000r\000a\000t\000i\000o\000n}{chapter.2}% 18
\BOOKMARK [1][-]{section.2.3}{\376\377\000B\000a\000s\000i\000c\000\040\000P\000o\000l\000i\000c\000y\000\040\000I\000t\000e\000r\000a\000t\000i\000o\000n\000\040\000\050\000A\000c\000t\000o\000r\000\040\000C\000r\000i\000t\000i\000c\000\051\000\040\000a\000l\000g\000o\000r\000i\000t\000h\000m}{chapter.2}% 19
\BOOKMARK [2][-]{subsection.2.3.1}{\376\377\000P\000o\000l\000i\000c\000y\000\040\000E\000v\000a\000l\000u\000a\000t\000i\000o\000n}{section.2.3}% 20
\BOOKMARK [2][-]{subsection.2.3.2}{\376\377\000P\000o\000l\000i\000c\000y\000\040\000I\000m\000p\000r\000o\000v\000e\000m\000e\000n\000t}{section.2.3}% 21
\BOOKMARK [2][-]{subsection.2.3.3}{\376\377\000P\000o\000l\000i\000c\000y\000\040\000I\000t\000e\000r\000a\000t\000i\000o\000n\000\040\000a\000l\000g\000o\000r\000i\000t\000h\000m\000s\000\040\000\050\000t\000a\000b\000u\000l\000a\000r\000\040\000a\000c\000t\000o\000r\000\040\000c\000r\000i\000t\000i\000c\000\051}{section.2.3}% 22
\BOOKMARK [2][-]{subsection.2.3.4}{\376\377\000Q\000u\000i\000c\000k\000\040\000c\000o\000m\000p\000a\000r\000i\000s\000o\000n\000\040\000o\000f\000\040\000V\000a\000l\000u\000e\000\040\000i\000t\000e\000r\000a\000t\000i\000o\000n\000\040\000a\000n\000d\000\040\000P\000o\000l\000i\000c\000y\000\040\000I\000t\000e\000r\000a\000t\000i\000o\000n}{section.2.3}% 23
\BOOKMARK [0][-]{chapter.3}{\376\377\000S\000i\000m\000u\000l\000a\000t\000i\000o\000n\000\040\000b\000a\000s\000e\000d\000\040\000d\000y\000n\000a\000m\000i\000c\000\040\000P\000r\000o\000g\000r\000a\000m\000m\000i\000n\000g\000\040\000m\000e\000t\000h\000o\000d\000s}{}% 24
\BOOKMARK [1][-]{section.3.1}{\376\377\000A\000\040\000f\000i\000r\000s\000t\000\040\000e\000x\000a\000m\000p\000l\000e}{chapter.3}% 25
\BOOKMARK [1][-]{section.3.2}{\376\377\000M\000o\000n\000t\000e\000\040\000C\000a\000r\000l\000o\000\040\000P\000o\000l\000i\000c\000y\000\040\000e\000v\000a\000l\000u\000a\000t\000i\000o\000n\000\040\000a\000n\000d\000\040\000c\000o\000n\000t\000r\000o\000l}{chapter.3}% 26
\BOOKMARK [2][-]{subsection.3.2.1}{\376\377\000F\000i\000r\000s\000t\000\040\000V\000i\000s\000i\000t\000\040\000M\000o\000n\000t\000e\000\040\000C\000a\000r\000l\000o\000\040\000P\000o\000l\000i\000c\000y\000\040\000E\000v\000a\000l\000u\000a\000t\000i\000o\000n}{section.3.2}% 27
\BOOKMARK [2][-]{subsection.3.2.2}{\376\377\000G\000e\000n\000e\000r\000a\000l\000i\000s\000e\000d\000\040\000p\000o\000l\000i\000c\000y\000\040\000i\000t\000e\000r\000a\000t\000i\000o\000n\000\040\000w\000i\000t\000h\000\040\000f\000i\000r\000s\000t\000\040\000v\000i\000s\000i\000t\000\040\000M\000o\000n\000t\000e\000\040\000C\000a\000r\000l\000o\000\040\000e\000s\000t\000i\000m\000a\000-\000\040\000t\000i\000o\000n}{section.3.2}% 28
\BOOKMARK [0][-]{chapter.4}{\376\377\000F\000i\000n\000i\000t\000e\000\040\000T\000i\000m\000e\000\040\000M\000D\000P\000s}{}% 29
\BOOKMARK [1][-]{section.4.1}{\376\377\000S\000t\000o\000c\000h\000a\000s\000t\000i\000c\000\040\000F\000i\000x\000e\000d\000\040\000P\000o\000i\000n\000t\000\040\000I\000t\000e\000r\000a\000t\000i\000o\000n\000s\000\040}{chapter.4}% 30
\BOOKMARK [1][-]{section.4.2}{\376\377\000P\000r\000o\000o\000f\000\040\000o\000f\000\040\000t\000h\000e\000\040\000g\000e\000n\000e\000r\000a\000l\000\040\000s\000t\000o\000c\000h\000a\000s\000t\000i\000c\000\040\000f\000i\000x\000e\000d\000\040\000p\000o\000i\000n\000t\000\040\000i\000t\000e\000r\000a\000t\000i\000o\000n}{chapter.4}% 31
\BOOKMARK [2][-]{subsection.4.2.1}{\376\377\000P\000r\000o\000o\000f\000\040\000o\000f\000\040\000b\000o\000u\000n\000d\000e\000d\000n\000e\000s\000s}{section.4.2}% 32
\BOOKMARK [2][-]{subsection.4.2.2}{\376\377\000P\000r\000o\000o\000f\000\040\000o\000f\000\040\000c\000o\000n\000v\000e\000r\000g\000e\000n\000c\000e}{section.4.2}% 33
\BOOKMARK [1][-]{section.4.3}{\376\377\000S\000a\000m\000p\000l\000e\000\040\000b\000a\000s\000e\000d\000\040\000d\000y\000n\000a\000m\000i\000c\000\040\000P\000r\000o\000g\000r\000a\000m\000m\000i\000n\000g}{chapter.4}% 34
\BOOKMARK [2][-]{subsection.4.3.1}{\376\377\000S\000a\000m\000p\000l\000e\000\040\000b\000a\000s\000e\000d\000\040\000p\000o\000l\000i\000c\000y\000\040\000e\000v\000a\000l\000u\000a\000t\000i\000o\000n\000\040\000a\000l\000g\000o\000r\000i\000t\000h\000m\000s}{section.4.3}% 35
\BOOKMARK [2][-]{subsection.4.3.2}{\376\377\000Q\000-\000l\000e\000a\000r\000n\000i\000n\000g\000\040\000a\000n\000d\000\040\000t\000h\000e\000\040\000S\000A\000R\000S\000A\000\040\000t\000r\000i\000c\000k}{section.4.3}% 36
\BOOKMARK [2][-]{subsection.4.3.3}{\376\377\000O\000t\000h\000e\000r\000s\000:\000\040\000D\000e\000e\000p\000\040\000Q\000\040\000a\000n\000d\000\040\000a\000l\000t\000e\000r\000n\000a\000t\000e\000\040\000i\000n\000t\000e\000r\000p\000r\000e\000t\000a\000t\000i\000o\000n}{section.4.3}% 37
\BOOKMARK [0][-]{chapter.5}{\376\377\000G\000r\000a\000d\000i\000e\000n\000t\000\040\000D\000e\000s\000c\000e\000n\000t\000\040\000M\000e\000t\000h\000o\000d\000s}{}% 38
\BOOKMARK [1][-]{subsection.5.0.1}{\376\377\000G\000r\000a\000d\000i\000e\000n\000t\000\040\000d\000e\000s\000c\000e\000n\000t\000\040\000f\000o\000r\000\040\000L\000-\000s\000m\000o\000o\000t\000h\000\040\000f\000u\000n\000c\000t\000i\000o\000n\000s}{chapter.5}% 39
\BOOKMARK [2][-]{subsection.5.0.2}{\376\377\000G\000r\000a\000d\000i\000e\000n\000t\000\040\000d\000e\000s\000c\000e\000n\000t\000\040\000f\000o\000r\000\040\000L\000-\000s\000m\000o\000o\000t\000h\000\040\000c\000o\000n\000v\000e\000x\000\040\000f\000u\000n\000c\000t\000i\000o\000n\000s}{subsection.5.0.1}% 40
\BOOKMARK [2][-]{subsection.5.0.3}{\376\377\000G\000r\000a\000d\000i\000e\000n\000t\000\040\000d\000e\000s\000c\000e\000n\000t\000\040\000f\000o\000r\000\040\000L\000-\000s\000m\000o\000o\000t\000h\000\040\000f\000u\000n\000c\000t\000i\000o\000n\000s\000\040\000w\000i\000t\000h\000\040\000P\000L\000\040\000i\000n\000e\000q\000u\000a\000l\000i\000t\000y}{subsection.5.0.1}% 41
\BOOKMARK [2][-]{subsection.5.0.4}{\376\377\000G\000r\000a\000d\000i\000e\000n\000t\000\040\000d\000e\000s\000c\000e\000n\000t\000\040\000w\000i\000t\000h\000\040\000d\000i\000m\000i\000n\000i\000s\000h\000i\000n\000g\000\040\000s\000t\000e\000p\000-\000s\000i\000z\000e\000s}{subsection.5.0.1}% 42
\BOOKMARK [2][-]{subsection.5.0.5}{\376\377\000S\000t\000o\000c\000h\000a\000s\000t\000i\000c\000\040\000g\000r\000a\000d\000i\000e\000n\000t\000\040\000d\000e\000s\000c\000e\000n\000t}{subsection.5.0.1}% 43
\BOOKMARK [1][-]{section.5.1}{\376\377\000P\000o\000l\000i\000c\000y\000\040\000g\000r\000a\000d\000i\000e\000n\000t\000\040\000t\000h\000e\000o\000r\000e\000m\000s}{chapter.5}% 44
\BOOKMARK [2][-]{subsection.5.1.1}{\376\377\000F\000i\000n\000i\000t\000e\000-\000t\000i\000m\000e\000\040\000M\000D\000P\000s}{section.5.1}% 45
\BOOKMARK [2][-]{subsection.5.1.2}{\376\377\000I\000n\000f\000i\000n\000i\000t\000e\000-\000T\000i\000m\000e\000\040\000M\000D\000P\000s\000\040\000w\000i\000t\000h\000\040\000d\000i\000s\000c\000o\000u\000n\000t\000e\000d\000\040\000r\000e\000w\000a\000r\000d\000s}{section.5.1}% 46
\BOOKMARK [2][-]{subsection.5.1.3}{\376\377\000C\000o\000n\000v\000e\000r\000g\000e\000n\000c\000e\000\040\000o\000f\000\040\000R\000E\000I\000N\000F\000O\000R\000C\000E}{section.5.1}% 47
\BOOKMARK [2][-]{subsection.5.1.4}{\376\377\000V\000a\000r\000i\000a\000n\000c\000e\000\040\000R\000e\000d\000u\000c\000t\000i\000o\000n\000\040\000m\000e\000t\000h\000o\000d\000s}{section.5.1}% 48
\BOOKMARK [0][-]{chapter.6}{\376\377\000I\000m\000p\000o\000r\000t\000a\000n\000t\000\040\000E\000x\000e\000r\000c\000i\000s\000e\000s\000\040\000\050\0002\0009\000\051}{}% 49
\BOOKMARK [0][-]{chapter.7}{\376\377\000D\000e\000e\000p\000\040\000R\000e\000i\000n\000f\000o\000r\000c\000e\000m\000e\000n\000t\000\040\000L\000e\000a\000r\000n\000i\000n\000g}{}% 50
\BOOKMARK [1][-]{section.7.1}{\376\377\000N\000e\000u\000r\000a\000l\000\040\000N\000e\000t\000w\000o\000r\000k\000s}{chapter.7}% 51
\BOOKMARK [1][-]{section.7.2}{\376\377\000D\000i\000s\000t\000r\000i\000b\000u\000t\000i\000o\000n\000a\000l\000\040\000R\000e\000i\000n\000f\000o\000r\000c\000e\000m\000e\000n\000t\000\040\000L\000e\000a\000r\000n\000i\000n\000g}{chapter.7}% 52
\BOOKMARK [1][-]{section.7.3}{\376\377\000D\000e\000e\000p\000\040\000Q\000-\000N\000e\000t\000w\000o\000r\000k\000s}{chapter.7}% 53
\BOOKMARK [1][-]{section.7.4}{\376\377\000P\000r\000o\000x\000i\000m\000a\000l\000\040\000P\000o\000l\000i\000c\000y\000\040\000G\000r\000a\000d\000i\000e\000n\000t}{chapter.7}% 54
\BOOKMARK [1][-]{section.7.5}{\376\377\000A\000d\000v\000a\000n\000t\000a\000g\000e\000\040\000E\000s\000t\000i\000m\000a\000t\000i\000o\000n}{chapter.7}% 55
\BOOKMARK [2][-]{subsection.7.5.1}{\376\377\000V\000a\000r\000i\000a\000n\000t\000s\000\040\000t\000o\000\040\000P\000P\000O}{section.7.5}% 56
\BOOKMARK [1][-]{section.7.6}{\376\377\000S\000t\000a\000b\000l\000e\000\040\000B\000a\000s\000e\000l\000i\000n\000e\000s\0003}{chapter.7}% 57
\BOOKMARK [0][-]{appendix.A}{\376\377\0005\000\040\000M\000i\000n\000u\000t\000e\000n\000\040\000\334\000b\000e\000r\000\040\000F\000r\000a\000k\000t\000a\000l\000e\000\040\000d\000e\000r\000\040\000V\000a\000l\000u\000e\000\040\000f\000u\000n\000c\000t\000i\000o\000n}{}% 58
\BOOKMARK [1][-]{section.A.1}{\376\377\000P\000a\000a\000r\000\040\000I\000d\000e\000e\000n}{appendix.A}% 59
